<?xml version="1.0" encoding="UTF-8"?>
<testng-results skipped="0" failed="0" ignored="1" total="2" passed="1">
  <reporter-output>
  </reporter-output>
  <suite name="Default suite" duration-ms="65683" started-at="2022-02-24T19:00:07Z" finished-at="2022-02-24T19:01:13Z">
    <groups>
    </groups>
    <test name="Default test" duration-ms="65683" started-at="2022-02-24T19:00:07Z" finished-at="2022-02-24T19:01:13Z">
      <class name="org.test.Test1">
        <test-method status="PASS" signature="luan()[pri:0, instance:org.test.Test1@64bfbc86]" name="luan" is-config="true" duration-ms="12678" started-at="2022-02-24T19:00:07Z" finished-at="2022-02-24T19:00:20Z">
          <reporter-output>
          </reporter-output>
        </test-method> <!-- luan -->
        <test-method status="PASS" signature="tc1()[pri:0, instance:org.test.Test1@64bfbc86]" name="tc1" duration-ms="51956" started-at="2022-02-24T19:00:20Z" finished-at="2022-02-24T19:01:12Z">
          <reporter-output>
          </reporter-output>
        </test-method> <!-- tc1 -->
        <test-method status="PASS" signature="clse()[pri:0, instance:org.test.Test1@64bfbc86]" name="clse" is-config="true" duration-ms="947" started-at="2022-02-24T19:01:12Z" finished-at="2022-02-24T19:01:13Z">
          <reporter-output>
          </reporter-output>
        </test-method> <!-- clse -->
      </class> <!-- org.test.Test1 -->
    </test> <!-- Default test -->
  </suite> <!-- Default suite -->
</testng-results>
